0 info it worked if it ends with ok
1 verbose cli [ '/usr/bin/node', '/usr/bin/npm', 'install', 'log4js', '--save' ]
2 info using npm@1.4.28
3 info using node@v0.10.38
4 verbose node symlink /usr/bin/node
5 warn package.json consolidate@0.9.0 No repository field.
6 warn package.json mustache@0.7.2 No repository field.
7 verbose readDependencies using package.json deps
8 verbose cache add [ 'log4js', null ]
9 verbose cache add name=undefined spec="log4js" args=["log4js",null]
10 verbose parsed url { protocol: null,
10 verbose parsed url   slashes: null,
10 verbose parsed url   auth: null,
10 verbose parsed url   host: null,
10 verbose parsed url   port: null,
10 verbose parsed url   hostname: null,
10 verbose parsed url   hash: null,
10 verbose parsed url   search: null,
10 verbose parsed url   query: null,
10 verbose parsed url   pathname: 'log4js',
10 verbose parsed url   path: 'log4js',
10 verbose parsed url   href: 'log4js' }
11 silly lockFile c7f5bdb8-log4js log4js
12 verbose lock log4js /home/ubuntu/.npm/c7f5bdb8-log4js.lock
13 silly lockFile c7f5bdb8-log4js log4js
14 silly lockFile c7f5bdb8-log4js log4js
15 verbose addNamed [ 'log4js', '' ]
16 verbose addNamed [ null, '*' ]
17 silly lockFile e960e84c-log4js log4js@
18 verbose lock log4js@ /home/ubuntu/.npm/e960e84c-log4js.lock
19 silly addNameRange { name: 'log4js', range: '*', hasData: false }
20 verbose request where is /log4js
21 verbose request registry https://registry.npmjs.org/
22 verbose request id 85346a4bf4925ecd
23 verbose url raw /log4js
24 verbose url resolving [ 'https://registry.npmjs.org/', './log4js' ]
25 verbose url resolved https://registry.npmjs.org/log4js
26 verbose request where is https://registry.npmjs.org/log4js
27 info trying registry request attempt 1 at 13:12:09
28 verbose etag "E1T0FS0X3JCAPZQ10TXQF6FF2"
29 http GET https://registry.npmjs.org/log4js
30 http 200 https://registry.npmjs.org/log4js
31 silly registry.get cb [ 200,
31 silly registry.get   { date: 'Sat, 04 Apr 2015 13:11:58 GMT',
31 silly registry.get     server: 'CouchDB/1.5.0 (Erlang OTP/R16B03)',
31 silly registry.get     etag: '"3VL6YJTAEQWJLOQRHP5OB7C3B"',
31 silly registry.get     'content-type': 'application/json',
31 silly registry.get     'cache-control': 'max-age=60',
31 silly registry.get     'content-length': '58001',
31 silly registry.get     'accept-ranges': 'bytes',
31 silly registry.get     via: '1.1 varnish',
31 silly registry.get     age: '11',
31 silly registry.get     'x-served-by': 'cache-sjc3133-SJC',
31 silly registry.get     'x-cache': 'HIT',
31 silly registry.get     'x-cache-hits': '1',
31 silly registry.get     'x-timer': 'S1428153118.428202,VS0,VE0',
31 silly registry.get     vary: 'Accept',
31 silly registry.get     'keep-alive': 'timeout=10, max=50',
31 silly registry.get     connection: 'Keep-Alive' } ]
32 silly addNameRange number 2 { name: 'log4js', range: '*', hasData: true }
33 silly addNameRange versions [ 'log4js',
33 silly addNameRange   [ '0.1.0',
33 silly addNameRange     '0.2.0',
33 silly addNameRange     '0.2.2',
33 silly addNameRange     '0.2.3',
33 silly addNameRange     '0.2.4',
33 silly addNameRange     '0.2.5',
33 silly addNameRange     '0.2.6',
33 silly addNameRange     '0.3.0',
33 silly addNameRange     '0.3.1',
33 silly addNameRange     '0.3.2',
33 silly addNameRange     '0.3.3',
33 silly addNameRange     '0.3.4',
33 silly addNameRange     '0.3.5',
33 silly addNameRange     '0.3.6',
33 silly addNameRange     '0.3.7',
33 silly addNameRange     '0.3.8',
33 silly addNameRange     '0.3.9',
33 silly addNameRange     '0.4.0',
33 silly addNameRange     '0.4.1',
33 silly addNameRange     '0.4.2',
33 silly addNameRange     '0.4.3',
33 silly addNameRange     '0.5.0',
33 silly addNameRange     '0.5.1',
33 silly addNameRange     '0.5.2',
33 silly addNameRange     '0.5.3',
33 silly addNameRange     '0.5.4',
33 silly addNameRange     '0.5.5',
33 silly addNameRange     '0.5.6',
33 silly addNameRange     '0.5.7',
33 silly addNameRange     '0.6.0',
33 silly addNameRange     '0.6.1',
33 silly addNameRange     '0.5.8',
33 silly addNameRange     '0.6.2',
33 silly addNameRange     '0.6.3',
33 silly addNameRange     '0.6.4',
33 silly addNameRange     '0.6.5',
33 silly addNameRange     '0.6.6',
33 silly addNameRange     '0.6.7',
33 silly addNameRange     '0.6.8',
33 silly addNameRange     '0.6.9',
33 silly addNameRange     '0.6.10',
33 silly addNameRange     '0.6.11',
33 silly addNameRange     '0.6.12',
33 silly addNameRange     '0.6.13',
33 silly addNameRange     '0.6.14',
33 silly addNameRange     '0.6.15',
33 silly addNameRange     '0.6.16',
33 silly addNameRange     '0.6.17',
33 silly addNameRange     '0.6.18',
33 silly addNameRange     '0.6.19',
33 silly addNameRange     '0.6.20',
33 silly addNameRange     '0.6.21',
33 silly addNameRange     '0.6.22' ] ]
34 verbose addNamed [ 'log4js', '0.6.22' ]
35 verbose addNamed [ '0.6.22', '0.6.22' ]
36 silly lockFile cde17ae0-log4js-0-6-22 log4js@0.6.22
37 verbose lock log4js@0.6.22 /home/ubuntu/.npm/cde17ae0-log4js-0-6-22.lock
38 silly lockFile 3576c20f-mjs-org-log4js-log4js-0-6-22-tgz https://registry.npmjs.org/log4js/-/log4js-0.6.22.tgz
39 verbose lock https://registry.npmjs.org/log4js/-/log4js-0.6.22.tgz /home/ubuntu/.npm/3576c20f-mjs-org-log4js-log4js-0-6-22-tgz.lock
40 verbose addRemoteTarball [ 'https://registry.npmjs.org/log4js/-/log4js-0.6.22.tgz',
40 verbose addRemoteTarball   'dd0ed7c961eec19eaf47dad9f39fee2b7dc71a4c' ]
41 info retry fetch attempt 1 at 13:12:10
42 verbose fetch to= /tmp/npm-15664-gtc_6j6S/registry.npmjs.org/log4js/-/log4js-0.6.22.tgz
43 http GET https://registry.npmjs.org/log4js/-/log4js-0.6.22.tgz
44 http 200 https://registry.npmjs.org/log4js/-/log4js-0.6.22.tgz
45 silly lockFile 3576c20f-mjs-org-log4js-log4js-0-6-22-tgz https://registry.npmjs.org/log4js/-/log4js-0.6.22.tgz
46 silly lockFile 3576c20f-mjs-org-log4js-log4js-0-6-22-tgz https://registry.npmjs.org/log4js/-/log4js-0.6.22.tgz
47 silly lockFile cde17ae0-log4js-0-6-22 log4js@0.6.22
48 silly lockFile cde17ae0-log4js-0-6-22 log4js@0.6.22
49 silly lockFile e960e84c-log4js log4js@
50 silly lockFile e960e84c-log4js log4js@
51 error Error: EACCES, mkdir '/home/ubuntu/.npm/log4js/0.6.22'
51 error  { [Error: EACCES, mkdir '/home/ubuntu/.npm/log4js/0.6.22']
51 error   errno: 3,
51 error   code: 'EACCES',
51 error   path: '/home/ubuntu/.npm/log4js/0.6.22' }
52 error Please try running this command again as root/Administrator.
53 error System Linux 3.13.0-44-generic
54 error command "/usr/bin/node" "/usr/bin/npm" "install" "log4js" "--save"
55 error cwd /home/ubuntu/jiveapp/kankranrepo
56 error node -v v0.10.38
57 error npm -v 1.4.28
58 error path /home/ubuntu/.npm/log4js/0.6.22
59 error code EACCES
60 error errno 3
61 error stack Error: EACCES, mkdir '/home/ubuntu/.npm/log4js/0.6.22'
62 verbose exit [ 3, true ]
